<?xml version="1.0" encoding="UTF-8"?>
<testsuites tests="3" failures="0" disabled="0" errors="0" time="0" timestamp="2020-08-27T19:50:54" name="AllTests">
  <testsuite name="RunnerTest" tests="3" failures="0" disabled="0" errors="0" time="0" timestamp="2020-08-27T19:50:54">
    <testcase name="TempoTest" status="run" result="completed" time="0" timestamp="2020-08-27T19:50:54" classname="RunnerTest" />
    <testcase name="NewDistance" status="run" result="completed" time="0" timestamp="2020-08-27T19:50:54" classname="RunnerTest" />
    <testcase name="NewTempo" status="run" result="completed" time="0" timestamp="2020-08-27T19:50:54" classname="RunnerTest" />
  </testsuite>
</testsuites>
